<?xml version="1.0" encoding="UTF-8"?>
<!-- Generated by org.testng.reporters.JUnitXMLReporter -->
<testsuite ignored="0" hostname="yamini-pc" failures="0" tests="1" name="Default test" time="0.041" errors="0" timestamp="25 Jun 2020 08:23:11 GMT">
  <testcase classname="gps.Report.ExtentReport" name="@BeforeSuite InitReport" time="0.0">
    <failure type="org.testng.TestNGException" message="
Parameter &amp;apos;Browser&amp;apos; is required by BeforeSuite on method InitReport but has not been marked @Optional or defined
in C:\Users\Yamini Maheshwari\AppData\Local\Temp\testng-eclipse-615531359\testng-customsuite.xml">
      <![CDATA[org.testng.TestNGException: 
Parameter 'Browser' is required by BeforeSuite on method InitReport but has not been marked @Optional or defined
in C:\Users\Yamini Maheshwari\AppData\Local\Temp\testng-eclipse-615531359\testng-customsuite.xml
	at org.testng.internal.Parameters.createParameters(Parameters.java:199)
	at org.testng.internal.Parameters.createParameters(Parameters.java:443)
	at org.testng.internal.Parameters.createConfigurationParameters(Parameters.java:118)
	at org.testng.internal.Invoker.invokeConfigurations(Invoker.java:206)
	at org.testng.internal.Invoker.invokeConfigurations(Invoker.java:146)
	at org.testng.SuiteRunner.privateRun(SuiteRunner.java:326)
	at org.testng.SuiteRunner.run(SuiteRunner.java:289)
	at org.testng.SuiteRunnerWorker.runSuite(SuiteRunnerWorker.java:52)
	at org.testng.SuiteRunnerWorker.run(SuiteRunnerWorker.java:86)
	at org.testng.TestNG.runSuitesSequentially(TestNG.java:1301)
	at org.testng.TestNG.runSuitesLocally(TestNG.java:1226)
	at org.testng.TestNG.runSuites(TestNG.java:1144)
	at org.testng.TestNG.run(TestNG.java:1115)
	at org.testng.remote.AbstractRemoteTestNG.run(AbstractRemoteTestNG.java:115)
	at org.testng.remote.RemoteTestNG.initAndRun(RemoteTestNG.java:251)
	at org.testng.remote.RemoteTestNG.main(RemoteTestNG.java:77)
]]>
    </failure>
  </testcase> <!-- @BeforeSuite InitReport -->
  <testcase classname="gps.Base.BaseClass" name="@BeforeClass Browsersetup" time="0.0">
    <skipped/>
  </testcase> <!-- @BeforeClass Browsersetup -->
  <testcase classname="gps.TestCases.TC_MessageTest_TC001" name="@BeforeClass loginSetup" time="0.0">
    <skipped/>
  </testcase> <!-- @BeforeClass loginSetup -->
  <testcase classname="gps.Base.BaseClass" name="@AfterClass tearDown" time="0.0">
    <skipped/>
  </testcase> <!-- @AfterClass tearDown -->
  <testcase classname="gps.TestCases.TC_MessageTest_TC001" name="testMessageSendToSelf" time="0.0">
    <skipped/>
  </testcase> <!-- testMessageSendToSelf -->
</testsuite> <!-- Default test -->
