<?xml version="1.0" encoding="UTF-8"?>
<testng-results ignored="0" total="4" passed="3" failed="1" skipped="0">
  <reporter-output>
  </reporter-output>
  <suite started-at="2020-06-25T09:16:53Z" name="Suite" finished-at="2020-06-25T09:17:20Z" duration-ms="26733">
    <groups>
    </groups>
    <test started-at="2020-06-25T09:16:53Z" name="Test" finished-at="2020-06-25T09:17:20Z" duration-ms="26733">
      <class name="gps.TestCases.TC_GoalSheetTest_TC002">
        <test-method is-config="true" signature="InitReport(java.lang.String)[pri:0, instance:gps.TestCases.TC_GoalSheetTest_TC002@54e1c68b]" started-at="2020-06-25T14:46:52Z" name="InitReport" finished-at="2020-06-25T14:46:53Z" duration-ms="340" status="PASS">
          <params>
            <param index="0">
              <value>
                <![CDATA[chrome]]>
              </value>
            </param>
          </params>
          <reporter-output>
          </reporter-output>
        </test-method> <!-- InitReport -->
        <test-method is-config="true" signature="Browsersetup(java.lang.String)[pri:0, instance:gps.TestCases.TC_GoalSheetTest_TC002@54e1c68b]" started-at="2020-06-25T14:46:53Z" name="Browsersetup" finished-at="2020-06-25T14:46:59Z" duration-ms="6624" status="PASS">
          <params>
            <param index="0">
              <value>
                <![CDATA[chrome]]>
              </value>
            </param>
          </params>
          <reporter-output>
          </reporter-output>
        </test-method> <!-- Browsersetup -->
        <test-method is-config="true" signature="loginSetup(java.lang.String)[pri:0, instance:gps.TestCases.TC_GoalSheetTest_TC002@54e1c68b]" started-at="2020-06-25T14:46:59Z" name="loginSetup" finished-at="2020-06-25T14:47:07Z" duration-ms="7866" status="PASS">
          <params>
            <param index="0">
              <value>
                <![CDATA[Config]]>
              </value>
            </param>
          </params>
          <reporter-output>
          </reporter-output>
        </test-method> <!-- loginSetup -->
        <test-method signature="testaddNewGoal(int)[pri:5, instance:gps.TestCases.TC_GoalSheetTest_TC002@54e1c68b]" started-at="2020-06-25T14:47:07Z" name="testaddNewGoal" finished-at="2020-06-25T14:47:12Z" duration-ms="4825" status="PASS">
          <params>
            <param index="0">
              <value>
                <![CDATA[4]]>
              </value>
            </param>
          </params>
          <reporter-output>
          </reporter-output>
        </test-method> <!-- testaddNewGoal -->
        <test-method is-config="true" signature="getResult(org.testng.ITestResult)[pri:0, instance:gps.TestCases.TC_GoalSheetTest_TC002@54e1c68b]" started-at="2020-06-25T14:47:12Z" name="getResult" finished-at="2020-06-25T14:47:12Z" duration-ms="12" status="PASS">
          <params>
            <param index="0">
              <value>
                <![CDATA[[TestResult name=testaddNewGoal status=SUCCESS method=TC_GoalSheetTest_TC002.testaddNewGoal(int)[pri:5, instance:gps.TestCases.TC_GoalSheetTest_TC002@54e1c68b] output={null}]]]>
              </value>
            </param>
          </params>
          <reporter-output>
          </reporter-output>
        </test-method> <!-- getResult -->
        <test-method signature="testaddNote(int)[pri:6, instance:gps.TestCases.TC_GoalSheetTest_TC002@54e1c68b]" started-at="2020-06-25T14:47:12Z" name="testaddNote" finished-at="2020-06-25T14:47:15Z" duration-ms="2504" status="PASS">
          <params>
            <param index="0">
              <value>
                <![CDATA[4]]>
              </value>
            </param>
          </params>
          <reporter-output>
          </reporter-output>
        </test-method> <!-- testaddNote -->
        <test-method is-config="true" signature="getResult(org.testng.ITestResult)[pri:0, instance:gps.TestCases.TC_GoalSheetTest_TC002@54e1c68b]" started-at="2020-06-25T14:47:15Z" name="getResult" finished-at="2020-06-25T14:47:15Z" duration-ms="1" status="PASS">
          <params>
            <param index="0">
              <value>
                <![CDATA[[TestResult name=testaddNote status=SUCCESS method=TC_GoalSheetTest_TC002.testaddNote(int)[pri:6, instance:gps.TestCases.TC_GoalSheetTest_TC002@54e1c68b] output={null}]]]>
              </value>
            </param>
          </params>
          <reporter-output>
          </reporter-output>
        </test-method> <!-- getResult -->
        <test-method signature="testupdateStatus(int)[pri:7, instance:gps.TestCases.TC_GoalSheetTest_TC002@54e1c68b]" started-at="2020-06-25T14:47:15Z" name="testupdateStatus" finished-at="2020-06-25T14:47:17Z" duration-ms="1965" status="PASS">
          <params>
            <param index="0">
              <value>
                <![CDATA[4]]>
              </value>
            </param>
          </params>
          <reporter-output>
          </reporter-output>
        </test-method> <!-- testupdateStatus -->
        <test-method is-config="true" signature="getResult(org.testng.ITestResult)[pri:0, instance:gps.TestCases.TC_GoalSheetTest_TC002@54e1c68b]" started-at="2020-06-25T14:47:17Z" name="getResult" finished-at="2020-06-25T14:47:17Z" duration-ms="0" status="PASS">
          <params>
            <param index="0">
              <value>
                <![CDATA[[TestResult name=testupdateStatus status=SUCCESS method=TC_GoalSheetTest_TC002.testupdateStatus(int)[pri:7, instance:gps.TestCases.TC_GoalSheetTest_TC002@54e1c68b] output={null}]]]>
              </value>
            </param>
          </params>
          <reporter-output>
          </reporter-output>
        </test-method> <!-- getResult -->
        <test-method signature="testaddComment(int)[pri:8, instance:gps.TestCases.TC_GoalSheetTest_TC002@54e1c68b]" started-at="2020-06-25T14:47:17Z" name="testaddComment" finished-at="2020-06-25T14:47:18Z" duration-ms="1077" status="FAIL">
          <params>
            <param index="0">
              <value>
                <![CDATA[2]]>
              </value>
            </param>
          </params>
          <exception class="org.openqa.selenium.NoSuchElementException">
            <message>
              <![CDATA[no such element: Unable to locate element: {"method":"xpath","selector":"//div[@class='noteTextStyle']"}
  (Session info: chrome=83.0.4103.106)
For documentation on this error, please visit: http://seleniumhq.org/exceptions/no_such_element.html
Build info: version: '3.14.0', revision: 'aacccce0', time: '2018-08-02T20:19:58.91Z'
System info: host: 'YAMINI-PC', ip: '192.168.43.108', os.name: 'Windows 10', os.arch: 'amd64', os.version: '10.0', java.version: '13.0.2'
Driver info: org.openqa.selenium.chrome.ChromeDriver
Capabilities {acceptInsecureCerts: false, browserName: chrome, browserVersion: 83.0.4103.106, chrome: {chromedriverVersion: 83.0.4103.39 (ccbf011cb2d2b..., userDataDir: C:\Users\YAMINI~1\AppData\L...}, goog:chromeOptions: {debuggerAddress: localhost:61461}, javascriptEnabled: true, networkConnectionEnabled: false, pageLoadStrategy: normal, platform: WINDOWS, platformName: WINDOWS, proxy: Proxy(), setWindowRect: true, strictFileInteractability: false, timeouts: {implicit: 0, pageLoad: 300000, script: 30000}, unhandledPromptBehavior: dismiss and notify, webauthn:virtualAuthenticators: true}
Session ID: 26158ad9739d0914b49ca245d0ebb4aa
*** Element info: {Using=xpath, value=//div[@class='noteTextStyle']}]]>
            </message>
            <full-stacktrace>
              <![CDATA[org.openqa.selenium.NoSuchElementException: no such element: Unable to locate element: {"method":"xpath","selector":"//div[@class='noteTextStyle']"}
  (Session info: chrome=83.0.4103.106)
For documentation on this error, please visit: http://seleniumhq.org/exceptions/no_such_element.html
Build info: version: '3.14.0', revision: 'aacccce0', time: '2018-08-02T20:19:58.91Z'
System info: host: 'YAMINI-PC', ip: '192.168.43.108', os.name: 'Windows 10', os.arch: 'amd64', os.version: '10.0', java.version: '13.0.2'
Driver info: org.openqa.selenium.chrome.ChromeDriver
Capabilities {acceptInsecureCerts: false, browserName: chrome, browserVersion: 83.0.4103.106, chrome: {chromedriverVersion: 83.0.4103.39 (ccbf011cb2d2b..., userDataDir: C:\Users\YAMINI~1\AppData\L...}, goog:chromeOptions: {debuggerAddress: localhost:61461}, javascriptEnabled: true, networkConnectionEnabled: false, pageLoadStrategy: normal, platform: WINDOWS, platformName: WINDOWS, proxy: Proxy(), setWindowRect: true, strictFileInteractability: false, timeouts: {implicit: 0, pageLoad: 300000, script: 30000}, unhandledPromptBehavior: dismiss and notify, webauthn:virtualAuthenticators: true}
Session ID: 26158ad9739d0914b49ca245d0ebb4aa
*** Element info: {Using=xpath, value=//div[@class='noteTextStyle']}
	at java.base/jdk.internal.reflect.NativeConstructorAccessorImpl.newInstance0(Native Method)
	at java.base/jdk.internal.reflect.NativeConstructorAccessorImpl.newInstance(NativeConstructorAccessorImpl.java:62)
	at java.base/jdk.internal.reflect.DelegatingConstructorAccessorImpl.newInstance(DelegatingConstructorAccessorImpl.java:45)
	at java.base/java.lang.reflect.Constructor.newInstanceWithCaller(Constructor.java:500)
	at java.base/java.lang.reflect.Constructor.newInstance(Constructor.java:481)
	at org.openqa.selenium.remote.http.W3CHttpResponseCodec.createException(W3CHttpResponseCodec.java:187)
	at org.openqa.selenium.remote.http.W3CHttpResponseCodec.decode(W3CHttpResponseCodec.java:122)
	at org.openqa.selenium.remote.http.W3CHttpResponseCodec.decode(W3CHttpResponseCodec.java:49)
	at org.openqa.selenium.remote.HttpCommandExecutor.execute(HttpCommandExecutor.java:158)
	at org.openqa.selenium.remote.service.DriverCommandExecutor.execute(DriverCommandExecutor.java:83)
	at org.openqa.selenium.remote.RemoteWebDriver.execute(RemoteWebDriver.java:548)
	at org.openqa.selenium.remote.RemoteWebDriver.findElement(RemoteWebDriver.java:322)
	at org.openqa.selenium.remote.RemoteWebDriver.findElementByXPath(RemoteWebDriver.java:424)
	at org.openqa.selenium.By$ByXPath.findElement(By.java:353)
	at org.openqa.selenium.remote.RemoteWebDriver.findElement(RemoteWebDriver.java:314)
	at gps.PageObjects.GoalSheetPage.getCommentofDay(GoalSheetPage.java:187)
	at gps.PageObjects.GoalSheetPage.addCommentOfDay(GoalSheetPage.java:95)
	at gps.TestCases.TC_GoalSheetTest_TC002.testaddComment(TC_GoalSheetTest_TC002.java:130)
	at java.base/jdk.internal.reflect.NativeMethodAccessorImpl.invoke0(Native Method)
	at java.base/jdk.internal.reflect.NativeMethodAccessorImpl.invoke(NativeMethodAccessorImpl.java:62)
	at java.base/jdk.internal.reflect.DelegatingMethodAccessorImpl.invoke(DelegatingMethodAccessorImpl.java:43)
	at java.base/java.lang.reflect.Method.invoke(Method.java:567)
	at org.testng.internal.MethodInvocationHelper.invokeMethod(MethodInvocationHelper.java:108)
	at org.testng.internal.Invoker.invokeMethod(Invoker.java:661)
	at org.testng.internal.Invoker.invokeTestMethod(Invoker.java:869)
	at org.testng.internal.Invoker.invokeTestMethods(Invoker.java:1193)
	at org.testng.internal.TestMethodWorker.invokeTestMethods(TestMethodWorker.java:126)
	at org.testng.internal.TestMethodWorker.run(TestMethodWorker.java:109)
	at org.testng.TestRunner.privateRun(TestRunner.java:744)
	at org.testng.TestRunner.run(TestRunner.java:602)
	at org.testng.SuiteRunner.runTest(SuiteRunner.java:380)
	at org.testng.SuiteRunner.runSequentially(SuiteRunner.java:375)
	at org.testng.SuiteRunner.privateRun(SuiteRunner.java:340)
	at org.testng.SuiteRunner.run(SuiteRunner.java:289)
	at org.testng.SuiteRunnerWorker.runSuite(SuiteRunnerWorker.java:52)
	at org.testng.SuiteRunnerWorker.run(SuiteRunnerWorker.java:86)
	at org.testng.TestNG.runSuitesSequentially(TestNG.java:1301)
	at org.testng.TestNG.runSuitesLocally(TestNG.java:1226)
	at org.testng.TestNG.runSuites(TestNG.java:1144)
	at org.testng.TestNG.run(TestNG.java:1115)
	at org.testng.remote.AbstractRemoteTestNG.run(AbstractRemoteTestNG.java:115)
	at org.testng.remote.RemoteTestNG.initAndRun(RemoteTestNG.java:251)
	at org.testng.remote.RemoteTestNG.main(RemoteTestNG.java:77)
]]>
            </full-stacktrace>
          </exception> <!-- org.openqa.selenium.NoSuchElementException -->
          <reporter-output>
          </reporter-output>
        </test-method> <!-- testaddComment -->
        <test-method is-config="true" signature="getResult(org.testng.ITestResult)[pri:0, instance:gps.TestCases.TC_GoalSheetTest_TC002@54e1c68b]" started-at="2020-06-25T14:47:18Z" name="getResult" finished-at="2020-06-25T14:47:19Z" duration-ms="445" status="PASS">
          <params>
            <param index="0">
              <value>
                <![CDATA[[TestResult name=testaddComment status=FAILURE method=TC_GoalSheetTest_TC002.testaddComment(int)[pri:8, instance:gps.TestCases.TC_GoalSheetTest_TC002@54e1c68b] output={null}]]]>
              </value>
            </param>
          </params>
          <reporter-output>
          </reporter-output>
        </test-method> <!-- getResult -->
        <test-method is-config="true" signature="tearDown()[pri:0, instance:gps.TestCases.TC_GoalSheetTest_TC002@54e1c68b]" started-at="2020-06-25T14:47:19Z" name="tearDown" finished-at="2020-06-25T14:47:20Z" duration-ms="895" status="PASS">
          <reporter-output>
          </reporter-output>
        </test-method> <!-- tearDown -->
        <test-method is-config="true" signature="Reportflush()[pri:0, instance:gps.TestCases.TC_GoalSheetTest_TC002@54e1c68b]" started-at="2020-06-25T14:47:20Z" name="Reportflush" finished-at="2020-06-25T14:47:20Z" duration-ms="688" status="PASS">
          <reporter-output>
          </reporter-output>
        </test-method> <!-- Reportflush -->
      </class> <!-- gps.TestCases.TC_GoalSheetTest_TC002 -->
    </test> <!-- Test -->
  </suite> <!-- Suite -->
</testng-results>
