<?xml version="1.0" encoding="UTF-8"?>
<!-- Generated by org.testng.reporters.JUnitReportReporter -->
<testsuite hostname="yamini-pc" failures="0" tests="2" name="gps.TestCases.TC_MessageTest_TC001" time="0.000" errors="1" timestamp="25 Jun 2020 08:23:11 GMT" skipped="1">
  <testcase classname="gps.TestCases.TC_MessageTest_TC001" name="InitReport" time="0.000">
    <error message="
Parameter &#039;Browser&#039; is required by BeforeSuite on method InitReport but has not been marked @Optional or defined
in C:\Users\Yamini Maheshwari\AppData\Local\Temp\testng-eclipse-615531359\testng-customsuite.xml" type="org.testng.TestNGException">
      <![CDATA[org.testng.TestNGException: 
Parameter 'Browser' is required by BeforeSuite on method InitReport but has not been marked @Optional or defined
in C:\Users\Yamini Maheshwari\AppData\Local\Temp\testng-eclipse-615531359\testng-customsuite.xml
	at org.testng.internal.Parameters.createParameters(Parameters.java:199)
	at org.testng.internal.Parameters.createParameters(Parameters.java:443)
	at org.testng.internal.Parameters.createConfigurationParameters(Parameters.java:118)
	at org.testng.internal.Invoker.invokeConfigurations(Invoker.java:206)
	at org.testng.internal.Invoker.invokeConfigurations(Invoker.java:146)
	at org.testng.SuiteRunner.privateRun(SuiteRunner.java:326)
	at org.testng.SuiteRunner.run(SuiteRunner.java:289)
	at org.testng.SuiteRunnerWorker.runSuite(SuiteRunnerWorker.java:52)
	at org.testng.SuiteRunnerWorker.run(SuiteRunnerWorker.java:86)
	at org.testng.TestNG.runSuitesSequentially(TestNG.java:1301)
	at org.testng.TestNG.runSuitesLocally(TestNG.java:1226)
	at org.testng.TestNG.runSuites(TestNG.java:1144)
	at org.testng.TestNG.run(TestNG.java:1115)
	at org.testng.remote.AbstractRemoteTestNG.run(AbstractRemoteTestNG.java:115)
	at org.testng.remote.RemoteTestNG.initAndRun(RemoteTestNG.java:251)
	at org.testng.remote.RemoteTestNG.main(RemoteTestNG.java:77)
]]>
    </error>
  </testcase> <!-- InitReport -->
  <testcase classname="gps.TestCases.TC_MessageTest_TC001" name="testMessageSendToSelf" time="0.000">
    <skipped/>
  </testcase> <!-- testMessageSendToSelf -->
</testsuite> <!-- gps.TestCases.TC_MessageTest_TC001 -->
