<?xml version="1.0" encoding="UTF-8"?>
<!-- Generated by org.testng.reporters.JUnitReportReporter -->
<testsuite hostname="yamini-pc" failures="0" tests="4" name="gps.TestCases.TC_GoalSheetTest_TC001" time="8.284" errors="1" timestamp="25 Jun 2020 09:16:45 GMT" skipped="3">
  <testcase classname="gps.TestCases.TC_GoalSheetTest_TC001" name="Browsersetup" time="8.284">
    <error message="session not created
from chrome not reachable
  (Session info: chrome=83.0.4103.106)
Build info: version: &#039;3.14.0&#039;, revision: &#039;aacccce0&#039;, time: &#039;2018-08-02T20:19:58.91Z&#039;
System info: host: &#039;YAMINI-PC&#039;, ip: &#039;192.168.43.108&#039;, os.name: &#039;Windows 10&#039;, os.arch: &#039;amd64&#039;, os.version: &#039;10.0&#039;, java.version: &#039;13.0.2&#039;
Driver info: driver.version: ChromeDriver
remote stacktrace: Backtrace:
	Ordinal0 [0x00F29563+2725219]
	Ordinal0 [0x00E28551+1672529]
	Ordinal0 [0x00D10202+524802]
	Ordinal0 [0x00D099B2+498098]
	Ordinal0 [0x00D0A09B+499867]
	Ordinal0 [0x00D0AFF5+503797]
	Ordinal0 [0x00D06994+485780]
	Ordinal0 [0x00D10FF0+528368]
	Ordinal0 [0x00CBD6C9+186057]
	Ordinal0 [0x00CBCA3D+182845]
	Ordinal0 [0x00CBA94B+174411]
	Ordinal0 [0x00CA2528+75048]
	Ordinal0 [0x00CA35A0+79264]
	Ordinal0 [0x00CA3539+79161]
	Ordinal0 [0x00E3D607+1758727]
	GetHandleVerifier [0x01046546+1050150]
	GetHandleVerifier [0x01046291+1049457]
	GetHandleVerifier [0x010510D7+1094071]
	GetHandleVerifier [0x01046B46+1051686]
	Ordinal0 [0x00E35B06+1727238]
	Ordinal0 [0x00E3EB7B+1764219]
	Ordinal0 [0x00E3ECE3+1764579]
	Ordinal0 [0x00E54C05+1854469]
	BaseThreadInitThunk [0x77266359+25]
	RtlGetAppContainerNamedObjectPath [0x77627C24+228]
	RtlGetAppContainerNamedObjectPath [0x77627BF4+180]
" type="org.openqa.selenium.SessionNotCreatedException">
      <![CDATA[org.openqa.selenium.SessionNotCreatedException: session not created
from chrome not reachable
  (Session info: chrome=83.0.4103.106)
Build info: version: '3.14.0', revision: 'aacccce0', time: '2018-08-02T20:19:58.91Z'
System info: host: 'YAMINI-PC', ip: '192.168.43.108', os.name: 'Windows 10', os.arch: 'amd64', os.version: '10.0', java.version: '13.0.2'
Driver info: driver.version: ChromeDriver
remote stacktrace: Backtrace:
	Ordinal0 [0x00F29563+2725219]
	Ordinal0 [0x00E28551+1672529]
	Ordinal0 [0x00D10202+524802]
	Ordinal0 [0x00D099B2+498098]
	Ordinal0 [0x00D0A09B+499867]
	Ordinal0 [0x00D0AFF5+503797]
	Ordinal0 [0x00D06994+485780]
	Ordinal0 [0x00D10FF0+528368]
	Ordinal0 [0x00CBD6C9+186057]
	Ordinal0 [0x00CBCA3D+182845]
	Ordinal0 [0x00CBA94B+174411]
	Ordinal0 [0x00CA2528+75048]
	Ordinal0 [0x00CA35A0+79264]
	Ordinal0 [0x00CA3539+79161]
	Ordinal0 [0x00E3D607+1758727]
	GetHandleVerifier [0x01046546+1050150]
	GetHandleVerifier [0x01046291+1049457]
	GetHandleVerifier [0x010510D7+1094071]
	GetHandleVerifier [0x01046B46+1051686]
	Ordinal0 [0x00E35B06+1727238]
	Ordinal0 [0x00E3EB7B+1764219]
	Ordinal0 [0x00E3ECE3+1764579]
	Ordinal0 [0x00E54C05+1854469]
	BaseThreadInitThunk [0x77266359+25]
	RtlGetAppContainerNamedObjectPath [0x77627C24+228]
	RtlGetAppContainerNamedObjectPath [0x77627BF4+180]

	at java.base/jdk.internal.reflect.NativeConstructorAccessorImpl.newInstance0(Native Method)
	at java.base/jdk.internal.reflect.NativeConstructorAccessorImpl.newInstance(NativeConstructorAccessorImpl.java:62)
	at java.base/jdk.internal.reflect.DelegatingConstructorAccessorImpl.newInstance(DelegatingConstructorAccessorImpl.java:45)
	at java.base/java.lang.reflect.Constructor.newInstanceWithCaller(Constructor.java:500)
	at java.base/java.lang.reflect.Constructor.newInstance(Constructor.java:481)
	at org.openqa.selenium.remote.W3CHandshakeResponse.lambda$new$0(W3CHandshakeResponse.java:57)
	at org.openqa.selenium.remote.W3CHandshakeResponse.lambda$getResponseFunction$2(W3CHandshakeResponse.java:104)
	at org.openqa.selenium.remote.ProtocolHandshake.lambda$createSession$0(ProtocolHandshake.java:122)
	at java.base/java.util.stream.ReferencePipeline$3$1.accept(ReferencePipeline.java:195)
	at java.base/java.util.Spliterators$ArraySpliterator.tryAdvance(Spliterators.java:958)
	at java.base/java.util.stream.ReferencePipeline.forEachWithCancel(ReferencePipeline.java:127)
	at java.base/java.util.stream.AbstractPipeline.copyIntoWithCancel(AbstractPipeline.java:502)
	at java.base/java.util.stream.AbstractPipeline.copyInto(AbstractPipeline.java:488)
	at java.base/java.util.stream.AbstractPipeline.wrapAndCopyInto(AbstractPipeline.java:474)
	at java.base/java.util.stream.FindOps$FindOp.evaluateSequential(FindOps.java:150)
	at java.base/java.util.stream.AbstractPipeline.evaluate(AbstractPipeline.java:234)
	at java.base/java.util.stream.ReferencePipeline.findFirst(ReferencePipeline.java:543)
	at org.openqa.selenium.remote.ProtocolHandshake.createSession(ProtocolHandshake.java:125)
	at org.openqa.selenium.remote.ProtocolHandshake.createSession(ProtocolHandshake.java:73)
	at org.openqa.selenium.remote.HttpCommandExecutor.execute(HttpCommandExecutor.java:136)
	at org.openqa.selenium.remote.service.DriverCommandExecutor.execute(DriverCommandExecutor.java:83)
	at org.openqa.selenium.remote.RemoteWebDriver.execute(RemoteWebDriver.java:548)
	at org.openqa.selenium.remote.RemoteWebDriver.startSession(RemoteWebDriver.java:212)
	at org.openqa.selenium.remote.RemoteWebDriver.<init>(RemoteWebDriver.java:130)
	at org.openqa.selenium.chrome.ChromeDriver.<init>(ChromeDriver.java:181)
	at org.openqa.selenium.chrome.ChromeDriver.<init>(ChromeDriver.java:168)
	at org.openqa.selenium.chrome.ChromeDriver.<init>(ChromeDriver.java:123)
	at gps.Base.BaseClass.Browsersetup(BaseClass.java:33)
	at java.base/jdk.internal.reflect.NativeMethodAccessorImpl.invoke0(Native Method)
	at java.base/jdk.internal.reflect.NativeMethodAccessorImpl.invoke(NativeMethodAccessorImpl.java:62)
	at java.base/jdk.internal.reflect.DelegatingMethodAccessorImpl.invoke(DelegatingMethodAccessorImpl.java:43)
	at java.base/java.lang.reflect.Method.invoke(Method.java:567)
	at org.testng.internal.MethodInvocationHelper.invokeMethod(MethodInvocationHelper.java:108)
	at org.testng.internal.Invoker.invokeConfigurationMethod(Invoker.java:523)
	at org.testng.internal.Invoker.invokeConfigurations(Invoker.java:224)
	at org.testng.internal.Invoker.invokeConfigurations(Invoker.java:146)
	at org.testng.internal.TestMethodWorker.invokeBeforeClassMethods(TestMethodWorker.java:166)
	at org.testng.internal.TestMethodWorker.run(TestMethodWorker.java:105)
	at org.testng.TestRunner.privateRun(TestRunner.java:744)
	at org.testng.TestRunner.run(TestRunner.java:602)
	at org.testng.SuiteRunner.runTest(SuiteRunner.java:380)
	at org.testng.SuiteRunner.runSequentially(SuiteRunner.java:375)
	at org.testng.SuiteRunner.privateRun(SuiteRunner.java:340)
	at org.testng.SuiteRunner.run(SuiteRunner.java:289)
	at org.testng.SuiteRunnerWorker.runSuite(SuiteRunnerWorker.java:52)
	at org.testng.SuiteRunnerWorker.run(SuiteRunnerWorker.java:86)
	at org.testng.TestNG.runSuitesSequentially(TestNG.java:1301)
	at org.testng.TestNG.runSuitesLocally(TestNG.java:1226)
	at org.testng.TestNG.runSuites(TestNG.java:1144)
	at org.testng.TestNG.run(TestNG.java:1115)
	at org.testng.remote.AbstractRemoteTestNG.run(AbstractRemoteTestNG.java:115)
	at org.testng.remote.RemoteTestNG.initAndRun(RemoteTestNG.java:251)
	at org.testng.remote.RemoteTestNG.main(RemoteTestNG.java:77)
]]>
    </error>
  </testcase> <!-- Browsersetup -->
  <testcase classname="gps.TestCases.TC_GoalSheetTest_TC001" name="testGoalSheetDate" time="0.000">
    <skipped/>
  </testcase> <!-- testGoalSheetDate -->
  <testcase classname="gps.TestCases.TC_GoalSheetTest_TC001" name="testEmployeeLead" time="0.000">
    <skipped/>
  </testcase> <!-- testEmployeeLead -->
  <testcase classname="gps.TestCases.TC_GoalSheetTest_TC001" name="testEmployeeFulltimeProject" time="0.000">
    <skipped/>
  </testcase> <!-- testEmployeeFulltimeProject -->
</testsuite> <!-- gps.TestCases.TC_GoalSheetTest_TC001 -->
